<?xml version="1.0" encoding="UTF-8"?>
<!-- Generated by org.testng.reporters.JUnitXMLReporter -->
<testsuite ignored="0" hostname="arzu" failures="0" tests="4" name="LoginTest" time="57.692" errors="0" timestamp="2020-10-17T23:02:13 CDT">
  <testcase classname="com.syntax.TestCases.LoginHRMS" name="LoginMissingPassword" time="0.67"/>
  <testcase classname="com.syntax.TestCases.LoginHRMS" name="LoginMissingUsername" time="0.537"/>
  <testcase classname="com.syntax.TestCases.LoginHRMS" name="loginInvalidCredentials" time="1.033"/>
  <testcase classname="com.syntax.TestCases.LoginHRMS" name="loginValidCredentials" time="2.316"/>
</testsuite> <!-- LoginTest -->
