<?xml version="1.0" encoding="UTF-8"?>
<!-- Generated by org.testng.reporters.JUnitXMLReporter -->
<testsuite ignored="0" hostname="arzu" failures="0" tests="4" name="LoginTest" time="34.618" errors="0" timestamp="2020-09-10T21:02:52 CDT">
  <testcase classname="com.syntax.TestCases.LoginHRMS" name="LoginMissingPassword" time="0.471"/>
  <testcase classname="com.syntax.TestCases.LoginHRMS" name="LoginMissingUsername" time="0.399"/>
  <testcase classname="com.syntax.TestCases.LoginHRMS" name="loginInvalidCredentials" time="0.656"/>
  <testcase classname="com.syntax.TestCases.LoginHRMS" name="loginValidCredentials" time="2.309"/>
</testsuite> <!-- LoginTest -->
