<?xml version="1.0" encoding="UTF-8"?>
<testng-results ignored="0" total="1" passed="1" failed="0" skipped="0">
  <reporter-output>
  </reporter-output>
  <suite started-at="2020-09-07T14:59:06 CDT" name="Default suite" finished-at="2020-09-07T14:59:15 CDT" duration-ms="9843">
    <groups>
    </groups>
    <test started-at="2020-09-07T14:59:06 CDT" name="Default test" finished-at="2020-09-07T14:59:15 CDT" duration-ms="9843">
      <class name="com.syntax.testClasses.Tesst">
        <test-method is-config="true" signature="setUp()[pri:0, instance:com.syntax.testClasses.Tesst@2ddc8ecb]" started-at="2020-09-07T14:59:06 CDT" name="setUp" finished-at="2020-09-07T14:59:15 CDT" duration-ms="9731" status="PASS">
          <reporter-output>
          </reporter-output>
        </test-method> <!-- setUp -->
        <test-method signature="loginHRMS()[pri:0, instance:com.syntax.testClasses.Tesst@2ddc8ecb]" started-at="2020-09-07T14:59:15 CDT" name="loginHRMS" finished-at="2020-09-07T14:59:15 CDT" duration-ms="11" status="PASS">
          <reporter-output>
          </reporter-output>
        </test-method> <!-- loginHRMS -->
      </class> <!-- com.syntax.testClasses.Tesst -->
    </test> <!-- Default test -->
  </suite> <!-- Default suite -->
</testng-results>
