<?xml version="1.0" encoding="UTF-8"?>
<testng-results ignored="0" total="4" passed="4" failed="0" skipped="0">
  <reporter-output>
  </reporter-output>
  <suite started-at="2020-09-10T21:02:17 CDT" name="LoginHRMS" finished-at="2020-09-10T21:02:52 CDT" duration-ms="34618">
    <groups>
    </groups>
    <test started-at="2020-09-10T21:02:17 CDT" name="LoginTest" finished-at="2020-09-10T21:02:52 CDT" duration-ms="34618">
      <class name="com.syntax.TestCases.LoginHRMS">
        <test-method is-config="true" signature="GenerateReport()[pri:0, instance:com.syntax.TestCases.LoginHRMS@7fc229ab]" started-at="2020-09-10T21:02:17 CDT" name="GenerateReport" finished-at="2020-09-10T21:02:17 CDT" duration-ms="172" status="PASS">
          <reporter-output>
          </reporter-output>
        </test-method> <!-- GenerateReport -->
        <test-method is-config="true" signature="setUp()[pri:0, instance:com.syntax.TestCases.LoginHRMS@7fc229ab]" started-at="2020-09-10T21:02:17 CDT" name="setUp" finished-at="2020-09-10T21:02:26 CDT" duration-ms="8264" status="PASS">
          <reporter-output>
          </reporter-output>
        </test-method> <!-- setUp -->
        <test-method signature="LoginMissingPassword()[pri:0, instance:com.syntax.TestCases.LoginHRMS@7fc229ab]" started-at="2020-09-10T21:02:26 CDT" name="LoginMissingPassword" finished-at="2020-09-10T21:02:26 CDT" duration-ms="471" status="PASS">
          <reporter-output>
          </reporter-output>
        </test-method> <!-- LoginMissingPassword -->
        <test-method is-config="true" signature="tearDown()[pri:0, instance:com.syntax.TestCases.LoginHRMS@7fc229ab]" started-at="2020-09-10T21:02:26 CDT" name="tearDown" finished-at="2020-09-10T21:02:27 CDT" duration-ms="966" status="PASS">
          <reporter-output>
          </reporter-output>
        </test-method> <!-- tearDown -->
        <test-method is-config="true" signature="setUp()[pri:0, instance:com.syntax.TestCases.LoginHRMS@7fc229ab]" started-at="2020-09-10T21:02:27 CDT" name="setUp" finished-at="2020-09-10T21:02:33 CDT" duration-ms="5458" status="PASS">
          <reporter-output>
          </reporter-output>
        </test-method> <!-- setUp -->
        <test-method signature="LoginMissingUsername()[pri:0, instance:com.syntax.TestCases.LoginHRMS@7fc229ab]" started-at="2020-09-10T21:02:33 CDT" name="LoginMissingUsername" finished-at="2020-09-10T21:02:33 CDT" duration-ms="399" status="PASS">
          <reporter-output>
          </reporter-output>
        </test-method> <!-- LoginMissingUsername -->
        <test-method is-config="true" signature="tearDown()[pri:0, instance:com.syntax.TestCases.LoginHRMS@7fc229ab]" started-at="2020-09-10T21:02:33 CDT" name="tearDown" finished-at="2020-09-10T21:02:34 CDT" duration-ms="1048" status="PASS">
          <reporter-output>
          </reporter-output>
        </test-method> <!-- tearDown -->
        <test-method is-config="true" signature="setUp()[pri:0, instance:com.syntax.TestCases.LoginHRMS@7fc229ab]" started-at="2020-09-10T21:02:34 CDT" name="setUp" finished-at="2020-09-10T21:02:41 CDT" duration-ms="6532" status="PASS">
          <reporter-output>
          </reporter-output>
        </test-method> <!-- setUp -->
        <test-method signature="loginInvalidCredentials()[pri:0, instance:com.syntax.TestCases.LoginHRMS@7fc229ab]" started-at="2020-09-10T21:02:41 CDT" name="loginInvalidCredentials" finished-at="2020-09-10T21:02:41 CDT" duration-ms="656" status="PASS">
          <reporter-output>
          </reporter-output>
        </test-method> <!-- loginInvalidCredentials -->
        <test-method is-config="true" signature="tearDown()[pri:0, instance:com.syntax.TestCases.LoginHRMS@7fc229ab]" started-at="2020-09-10T21:02:41 CDT" name="tearDown" finished-at="2020-09-10T21:02:42 CDT" duration-ms="919" status="PASS">
          <reporter-output>
          </reporter-output>
        </test-method> <!-- tearDown -->
        <test-method is-config="true" signature="setUp()[pri:0, instance:com.syntax.TestCases.LoginHRMS@7fc229ab]" started-at="2020-09-10T21:02:42 CDT" name="setUp" finished-at="2020-09-10T21:02:49 CDT" duration-ms="6481" status="PASS">
          <reporter-output>
          </reporter-output>
        </test-method> <!-- setUp -->
        <test-method signature="loginValidCredentials()[pri:0, instance:com.syntax.TestCases.LoginHRMS@7fc229ab]" started-at="2020-09-10T21:02:49 CDT" name="loginValidCredentials" finished-at="2020-09-10T21:02:51 CDT" duration-ms="2309" status="PASS">
          <reporter-output>
          </reporter-output>
        </test-method> <!-- loginValidCredentials -->
        <test-method is-config="true" signature="tearDown()[pri:0, instance:com.syntax.TestCases.LoginHRMS@7fc229ab]" started-at="2020-09-10T21:02:51 CDT" name="tearDown" finished-at="2020-09-10T21:02:52 CDT" duration-ms="917" status="PASS">
          <reporter-output>
          </reporter-output>
        </test-method> <!-- tearDown -->
        <test-method is-config="true" signature="writeReporter()[pri:0, instance:com.syntax.TestCases.LoginHRMS@7fc229ab]" started-at="2020-09-10T21:02:52 CDT" name="writeReporter" finished-at="2020-09-10T21:02:52 CDT" duration-ms="0" status="PASS">
          <reporter-output>
          </reporter-output>
        </test-method> <!-- writeReporter -->
      </class> <!-- com.syntax.TestCases.LoginHRMS -->
    </test> <!-- LoginTest -->
  </suite> <!-- LoginHRMS -->
</testng-results>
