<?xml version="1.0" encoding="UTF-8"?>
<testsuite xmlns:xsi="http://www.w3.org/2001/XMLSchema-instance" xsi:noNamespaceSchemaLocation="https://maven.apache.org/surefire/maven-surefire-plugin/xsd/surefire-test-report-3.0.xsd" version="3.0" name="TestSuite" time="35.28" tests="4" errors="0" skipped="0" failures="0">
  <properties>
[...]
</properties>
  <testcase name="LoginMissingPassword" classname="com.syntax.TestCases.LoginHRMS" time="0.446">
    <system-err><![CDATA[SLF4J: Failed to load class "org.slf4j.impl.StaticLoggerBinder".
SLF4J: Defaulting to no-operation (NOP) logger implementation
SLF4J: See http://www.slf4j.org/codes.html#StaticLoggerBinder for further details.
1599789740918	geckodriver	INFO	Listening on 127.0.0.1:35173
1599789741660	mozrunner::runner	INFO	Running command: "C:\\Program Files\\Mozilla Firefox\\firefox.exe" "--marionette" "-foreground" "-no-remote" "-profile" "C:\\Users\\beyha\\AppData\\Local\\Temp\\rust_mozprofileYQ7E9W"
JavaScript error: resource://gre/modules/XULStore.jsm, line 66: Error: Can't find profile directory.
1599789744492	Marionette	INFO	Listening on port 56906
1599789744805	Marionette	WARN	TLS certificate errors will be ignored for this session
Sep 10, 2020 9:02:24 PM org.openqa.selenium.remote.ProtocolHandshake createSession
INFO: Detected dialect: W3C
]]></system-err>
  </testcase>
  <testcase name="LoginMissingUsername" classname="com.syntax.TestCases.LoginHRMS" time="0.369">
    <system-err><![CDATA[1599789746698	Marionette	INFO	Stopped listening on port 56906

###!!! [Child][RunMessage] Error: Channel closing: too late to send/recv, messages will be lost


###!!! [Child][MessageChannel::SendAndWait] Error: Channel error: cannot send/recv

1599789747847	geckodriver	INFO	Listening on 127.0.0.1:6405
1599789748369	mozrunner::runner	INFO	Running command: "C:\\Program Files\\Mozilla Firefox\\firefox.exe" "--marionette" "-foreground" "-no-remote" "-profile" "C:\\Users\\beyha\\AppData\\Local\\Temp\\rust_mozprofile9Rgc9a"
JavaScript error: resource://gre/modules/XULStore.jsm, line 66: Error: Can't find profile directory.
1599789750976	Marionette	INFO	Listening on port 56954
1599789751033	Marionette	WARN	TLS certificate errors will be ignored for this session
Sep 10, 2020 9:02:31 PM org.openqa.selenium.remote.ProtocolHandshake createSession
INFO: Detected dialect: W3C
]]></system-err>
  </testcase>
  <testcase name="loginInvalidCredentials" classname="com.syntax.TestCases.LoginHRMS" time="0.637">
    <system-out><![CDATA[Invalid credentials
]]></system-out>
    <system-err><![CDATA[1599789753522	Marionette	INFO	Stopped listening on port 56954

###!!! [Child][RunMessage] Error: Channel closing: too late to send/recv, messages will be lost

[Parent 9272, Gecko_IOThread] WARNING: pipe error: 232: file /builds/worker/checkouts/gecko/ipc/chromium/src/chrome/common/ipc_channel_win.cc, line 522
1599789754722	geckodriver	INFO	Listening on 127.0.0.1:46157
1599789755249	mozrunner::runner	INFO	Running command: "C:\\Program Files\\Mozilla Firefox\\firefox.exe" "--marionette" "-foreground" "-no-remote" "-profile" "C:\\Users\\beyha\\AppData\\Local\\Temp\\rust_mozprofileoCt2wg"
JavaScript error: resource://gre/modules/XULStore.jsm, line 66: Error: Can't find profile directory.
1599789758068	Marionette	INFO	Listening on port 56997
1599789758385	Marionette	WARN	TLS certificate errors will be ignored for this session
Sep 10, 2020 9:02:38 PM org.openqa.selenium.remote.ProtocolHandshake createSession
INFO: Detected dialect: W3C
]]></system-err>
  </testcase>
  <testcase name="loginValidCredentials" classname="com.syntax.TestCases.LoginHRMS" time="2.279">
    <system-err><![CDATA[1599789761759	Marionette	INFO	Stopped listening on port 56997

###!!! [Child][RunMessage] Error: Channel closing: too late to send/recv, messages will be lost


###!!! [Child][MessageChannel::SendAndWait] Error: Channel error: cannot send/recv

1599789762831	geckodriver	INFO	Listening on 127.0.0.1:25978
1599789763358	mozrunner::runner	INFO	Running command: "C:\\Program Files\\Mozilla Firefox\\firefox.exe" "--marionette" "-foreground" "-no-remote" "-profile" "C:\\Users\\beyha\\AppData\\Local\\Temp\\rust_mozprofilehJAXLb"
JavaScript error: resource://gre/modules/XULStore.jsm, line 66: Error: Can't find profile directory.
1599789766298	Marionette	INFO	Listening on port 57045
1599789766494	Marionette	WARN	TLS certificate errors will be ignored for this session
Sep 10, 2020 9:02:46 PM org.openqa.selenium.remote.ProtocolHandshake createSession
INFO: Detected dialect: W3C
]]></system-err>
  </testcase>
</testsuite>